[debug] [2020-07-09T11:35:01.592Z] ----------------------------------------------------------------------
[debug] [2020-07-09T11:35:01.598Z] Command:       C:\Program Files\nodejs\node.exe C:\Users\mouhib\AppData\Roaming\npm\node_modules\firebase-tools\lib\bin\firebase.js init
[debug] [2020-07-09T11:35:01.599Z] CLI Version:   8.5.0
[debug] [2020-07-09T11:35:01.599Z] Platform:      win32
[debug] [2020-07-09T11:35:01.600Z] Node Version:  v12.18.1
[debug] [2020-07-09T11:35:01.602Z] Time:          Thu Jul 09 2020 13:35:01 GMT+0200 (GMT+02:00)
[debug] [2020-07-09T11:35:01.603Z] ----------------------------------------------------------------------
[debug] [2020-07-09T11:35:01.603Z] 
[debug] [2020-07-09T11:35:01.625Z] > command requires scopes: ["email","openid","https://www.googleapis.com/auth/cloudplatformprojects.readonly","https://www.googleapis.com/auth/firebase","https://www.googleapis.com/auth/cloud-platform"]
[debug] [2020-07-09T11:35:01.628Z] > authorizing via signed-in user
[info] 
     ######## #### ########  ######## ########     ###     ######  ########
     ##        ##  ##     ## ##       ##     ##  ##   ##  ##       ##
     ######    ##  ########  ######   ########  #########  ######  ######
     ##        ##  ##    ##  ##       ##     ## ##     ##       ## ##
     ##       #### ##     ## ######## ########  ##     ##  ######  ########

You're about to initialize a Firebase project in this directory:

  C:\Users\mouhib\my-dream-app

[info] 
=== Project Setup
[info] 
[info] First, let's associate this project directory with a Firebase project.
[info] You can create multiple project aliases by running firebase use --add, 
[info] but for now we'll just set up a default project.
[info] 
